This file contains any messages produced by compilers while
running configure, to aid debugging if configure makes a mistake.

It was created by PCRE configure 8.32, which was
generated by GNU Autoconf 2.63.  Invocation command line was

  $ ./configure --no-create --no-recursion

## --------- ##
## Platform. ##
## --------- ##

hostname = localhost.localdomain
uname -m = x86_64
uname -r = 2.6.32-220.el6.x86_64
uname -s = Linux
uname -v = #1 SMP Tue Dec 6 19:48:22 GMT 2011

/usr/bin/uname -p = unknown
/bin/uname -X     = unknown

/bin/arch              = x86_64
/usr/bin/arch -k       = unknown
/usr/convex/getsysinfo = unknown
/usr/bin/hostinfo      = unknown
/bin/machine           = unknown
/usr/bin/oslevel       = unknown
/bin/universe          = unknown

PATH: /usr/local/bin
PATH: /bin
PATH: /usr/bin
PATH: /usr/local/sbin
PATH: /usr/sbin
PATH: /sbin
PATH: /home/zork/bin


## ----------- ##
## Core tests. ##
## ----------- ##

configure:2107: checking for a BSD-compatible install
configure:2175: result: /usr/bin/install -c
configure:2186: checking whether build environment is sane
configure:2246: result: yes
configure:2387: checking for a thread-safe mkdir -p
configure:2426: result: /bin/mkdir -p
configure:2439: checking for gawk
configure:2455: found /bin/gawk
configure:2466: result: gawk
configure:2477: checking whether make sets $(MAKE)
configure:2499: result: yes
configure:2660: checking for gcc
configure:2676: found /usr/bin/gcc
configure:2687: result: gcc
configure:2919: checking for C compiler version
configure:2927: gcc --version >&5
gcc (GCC) 4.4.6 20110731 (Red Hat 4.4.6-3)
Copyright (C) 2010 Free Software Foundation, Inc.
This is free software; see the source for copying conditions.  There is NO
warranty; not even for MERCHANTABILITY or FITNESS FOR A PARTICULAR PURPOSE.

configure:2931: $? = 0
configure:2938: gcc -v >&5
Using built-in specs.
Target: x86_64-redhat-linux
Configured with: ../configure --prefix=/usr --mandir=/usr/share/man --infodir=/usr/share/info --with-bugurl=http://bugzilla.redhat.com/bugzilla --enable-bootstrap --enable-shared --enable-threads=posix --enable-checking=release --with-system-zlib --enable-__cxa_atexit --disable-libunwind-exceptions --enable-gnu-unique-object --enable-languages=c,c++,objc,obj-c++,java,fortran,ada --enable-java-awt=gtk --disable-dssi --with-java-home=/usr/lib/jvm/java-1.5.0-gcj-1.5.0.0/jre --enable-libgcj-multifile --enable-java-maintainer-mode --with-ecj-jar=/usr/share/java/eclipse-ecj.jar --disable-libjava-multilib --with-ppl --with-cloog --with-tune=generic --with-arch_32=i686 --build=x86_64-redhat-linux
Thread model: posix
gcc version 4.4.6 20110731 (Red Hat 4.4.6-3) (GCC) 
configure:2942: $? = 0
configure:2949: gcc -V >&5
gcc: '-V' option must have argument
configure:2953: $? = 1
configure:2976: checking for C compiler default output file name
configure:2998: gcc    conftest.c  >&5
configure:3002: $? = 0
configure:3040: result: a.out
configure:3059: checking whether the C compiler works
configure:3069: ./a.out
configure:3073: $? = 0
configure:3092: result: yes
configure:3099: checking whether we are cross compiling
configure:3101: result: no
configure:3104: checking for suffix of executables
configure:3111: gcc -o conftest    conftest.c  >&5
configure:3115: $? = 0
configure:3141: result: 
configure:3147: checking for suffix of object files
configure:3173: gcc -c   conftest.c >&5
configure:3177: $? = 0
configure:3202: result: o
configure:3206: checking whether we are using the GNU C compiler
configure:3235: gcc -c   conftest.c >&5
configure:3242: $? = 0
configure:3259: result: yes
configure:3268: checking whether gcc accepts -g
configure:3298: gcc -c -g  conftest.c >&5
configure:3305: $? = 0
configure:3406: result: yes
configure:3423: checking for gcc option to accept ISO C89
configure:3497: gcc  -c -g -O2  conftest.c >&5
configure:3504: $? = 0
configure:3527: result: none needed
configure:3556: checking for style of include used by make
configure:3584: result: GNU
configure:3609: checking dependency style of gcc
configure:3719: result: gcc3
configure:3792: checking for g++
configure:3808: found /usr/bin/g++
configure:3819: result: g++
configure:3846: checking for C++ compiler version
configure:3854: g++ --version >&5
g++ (GCC) 4.4.6 20110731 (Red Hat 4.4.6-3)
Copyright (C) 2010 Free Software Foundation, Inc.
This is free software; see the source for copying conditions.  There is NO
warranty; not even for MERCHANTABILITY or FITNESS FOR A PARTICULAR PURPOSE.

configure:3858: $? = 0
configure:3865: g++ -v >&5
Using built-in specs.
Target: x86_64-redhat-linux
Configured with: ../configure --prefix=/usr --mandir=/usr/share/man --infodir=/usr/share/info --with-bugurl=http://bugzilla.redhat.com/bugzilla --enable-bootstrap --enable-shared --enable-threads=posix --enable-checking=release --with-system-zlib --enable-__cxa_atexit --disable-libunwind-exceptions --enable-gnu-unique-object --enable-languages=c,c++,objc,obj-c++,java,fortran,ada --enable-java-awt=gtk --disable-dssi --with-java-home=/usr/lib/jvm/java-1.5.0-gcj-1.5.0.0/jre --enable-libgcj-multifile --enable-java-maintainer-mode --with-ecj-jar=/usr/share/java/eclipse-ecj.jar --disable-libjava-multilib --with-ppl --with-cloog --with-tune=generic --with-arch_32=i686 --build=x86_64-redhat-linux
Thread model: posix
gcc version 4.4.6 20110731 (Red Hat 4.4.6-3) (GCC) 
configure:3869: $? = 0
configure:3876: g++ -V >&5
g++: '-V' option must have argument
configure:3880: $? = 1
configure:3883: checking whether we are using the GNU C++ compiler
configure:3912: g++ -c   conftest.cpp >&5
configure:3919: $? = 0
configure:3936: result: yes
configure:3945: checking whether g++ accepts -g
configure:3975: g++ -c -g  conftest.cpp >&5
configure:3982: $? = 0
configure:4083: result: yes
configure:4108: checking dependency style of g++
configure:4218: result: gcc3
configure:4234: checking whether gcc and cc understand -c and -o together
configure:4269: gcc -c conftest.c -o conftest2.o >&5
configure:4273: $? = 0
configure:4279: gcc -c conftest.c -o conftest2.o >&5
configure:4283: $? = 0
configure:4294: cc -c conftest.c >&5
configure:4298: $? = 0
configure:4306: cc -c conftest.c -o conftest2.o >&5
configure:4310: $? = 0
configure:4316: cc -c conftest.c -o conftest2.o >&5
configure:4320: $? = 0
configure:4338: result: yes
configure:4418: g++ -c -O2  conftest.cpp >&5
configure:4425: $? = 0
configure:4453: checking how to run the C preprocessor
configure:4493: gcc -E  conftest.c
configure:4500: $? = 0
configure:4531: gcc -E  conftest.c
conftest.c:10:28: error: ac_nonexistent.h: No such file or directory
configure:4538: $? = 1
configure: failed program was:
| /* confdefs.h.  */
| #define PACKAGE_NAME "PCRE"
| #define PACKAGE_TARNAME "pcre"
| #define PACKAGE_VERSION "8.32"
| #define PACKAGE_STRING "PCRE 8.32"
| #define PACKAGE_BUGREPORT ""
| #define PACKAGE "pcre"
| #define VERSION "8.32"
| /* end confdefs.h.  */
| #include <ac_nonexistent.h>
configure:4571: result: gcc -E
configure:4600: gcc -E  conftest.c
configure:4607: $? = 0
configure:4638: gcc -E  conftest.c
conftest.c:10:28: error: ac_nonexistent.h: No such file or directory
configure:4645: $? = 1
configure: failed program was:
| /* confdefs.h.  */
| #define PACKAGE_NAME "PCRE"
| #define PACKAGE_TARNAME "pcre"
| #define PACKAGE_VERSION "8.32"
| #define PACKAGE_STRING "PCRE 8.32"
| #define PACKAGE_BUGREPORT ""
| #define PACKAGE "pcre"
| #define VERSION "8.32"
| /* end confdefs.h.  */
| #include <ac_nonexistent.h>
configure:4685: checking for grep that handles long lines and -e
configure:4745: result: /bin/grep
configure:4750: checking for egrep
configure:4814: result: /bin/grep -E
configure:4819: checking for ANSI C header files
configure:4849: gcc -c -O2  conftest.c >&5
configure:4856: $? = 0
configure:4955: gcc -o conftest -O2   conftest.c  >&5
configure:4959: $? = 0
configure:4965: ./conftest
configure:4969: $? = 0
configure:4987: result: yes
configure:5011: checking for sys/types.h
configure:5032: gcc -c -O2  conftest.c >&5
configure:5039: $? = 0
configure:5056: result: yes
configure:5011: checking for sys/stat.h
configure:5032: gcc -c -O2  conftest.c >&5
configure:5039: $? = 0
configure:5056: result: yes
configure:5011: checking for stdlib.h
configure:5032: gcc -c -O2  conftest.c >&5
configure:5039: $? = 0
configure:5056: result: yes
configure:5011: checking for string.h
configure:5032: gcc -c -O2  conftest.c >&5
configure:5039: $? = 0
configure:5056: result: yes
configure:5011: checking for memory.h
configure:5032: gcc -c -O2  conftest.c >&5
configure:5039: $? = 0
configure:5056: result: yes
configure:5011: checking for strings.h
configure:5032: gcc -c -O2  conftest.c >&5
configure:5039: $? = 0
configure:5056: result: yes
configure:5011: checking for inttypes.h
configure:5032: gcc -c -O2  conftest.c >&5
configure:5039: $? = 0
configure:5056: result: yes
configure:5011: checking for stdint.h
configure:5032: gcc -c -O2  conftest.c >&5
configure:5039: $? = 0
configure:5056: result: yes
configure:5011: checking for unistd.h
configure:5032: gcc -c -O2  conftest.c >&5
configure:5039: $? = 0
configure:5056: result: yes
configure:5071: checking for int64_t
configure:5102: gcc -c -O2  conftest.c >&5
configure:5109: $? = 0
configure:5138: gcc -c -O2  conftest.c >&5
conftest.c: In function 'main':
conftest.c:57: warning: integer overflow in expression
conftest.c:57: error: size of array 'test_array' is negative
configure:5145: $? = 1
configure: failed program was:
| /* confdefs.h.  */
| #define PACKAGE_NAME "PCRE"
| #define PACKAGE_TARNAME "pcre"
| #define PACKAGE_VERSION "8.32"
| #define PACKAGE_STRING "PCRE 8.32"
| #define PACKAGE_BUGREPORT ""
| #define PACKAGE "pcre"
| #define VERSION "8.32"
| #define STDC_HEADERS 1
| #define HAVE_SYS_TYPES_H 1
| #define HAVE_SYS_STAT_H 1
| #define HAVE_STDLIB_H 1
| #define HAVE_STRING_H 1
| #define HAVE_MEMORY_H 1
| #define HAVE_STRINGS_H 1
| #define HAVE_INTTYPES_H 1
| #define HAVE_STDINT_H 1
| #define HAVE_UNISTD_H 1
| /* end confdefs.h.  */
| #include <stdio.h>
| #ifdef HAVE_SYS_TYPES_H
| # include <sys/types.h>
| #endif
| #ifdef HAVE_SYS_STAT_H
| # include <sys/stat.h>
| #endif
| #ifdef STDC_HEADERS
| # include <stdlib.h>
| # include <stddef.h>
| #else
| # ifdef HAVE_STDLIB_H
| #  include <stdlib.h>
| # endif
| #endif
| #ifdef HAVE_STRING_H
| # if !defined STDC_HEADERS && defined HAVE_MEMORY_H
| #  include <memory.h>
| # endif
| # include <string.h>
| #endif
| #ifdef HAVE_STRINGS_H
| # include <strings.h>
| #endif
| #ifdef HAVE_INTTYPES_H
| # include <inttypes.h>
| #endif
| #ifdef HAVE_STDINT_H
| # include <stdint.h>
| #endif
| #ifdef HAVE_UNISTD_H
| # include <unistd.h>
| #endif
| int
| main ()
| {
| static int test_array [1 - 2 * !((int64_t) ((((int64_t) 1 << (64 - 2)) - 1) * 2 + 1)
| 		 < (int64_t) ((((int64_t) 1 << (64 - 2)) - 1) * 2 + 2))];
| test_array [0] = 0
| 
|   ;
|   return 0;
| }
configure:5174: result: yes
configure:5201: checking for a BSD-compatible install
configure:5269: result: /usr/bin/install -c
configure:5286: checking build system type
configure:5304: result: x86_64-unknown-linux-gnu
configure:5326: checking host system type
configure:5341: result: x86_64-unknown-linux-gnu
configure:5712: checking how to print strings
configure:5739: result: printf
configure:5760: checking for a sed that does not truncate output
configure:5826: result: /bin/sed
configure:5844: checking for fgrep
configure:5908: result: /bin/grep -F
configure:5943: checking for ld used by gcc
configure:6010: result: /usr/bin/ld
configure:6019: checking if the linker (/usr/bin/ld) is GNU ld
configure:6034: result: yes
configure:6046: checking for BSD- or MS-compatible name lister (nm)
configure:6095: result: /usr/bin/nm -B
configure:6225: checking the name lister (/usr/bin/nm -B) interface
configure:6232: gcc -c -O2  conftest.c >&5
configure:6235: /usr/bin/nm -B "conftest.o"
configure:6238: output
0000000000000000 B some_variable
configure:6245: result: BSD nm
configure:6248: checking whether ln -s works
configure:6252: result: yes
configure:6260: checking the maximum length of command line arguments
configure:6385: result: 1966080
configure:6402: checking whether the shell understands some XSI constructs
configure:6412: result: yes
configure:6416: checking whether the shell understands "+="
configure:6422: result: yes
configure:6457: checking how to convert x86_64-unknown-linux-gnu file names to x86_64-unknown-linux-gnu format
configure:6497: result: func_convert_file_noop
configure:6504: checking how to convert x86_64-unknown-linux-gnu file names to toolchain format
configure:6524: result: func_convert_file_noop
configure:6531: checking for /usr/bin/ld option to reload object files
configure:6538: result: -r
configure:6612: checking for objdump
configure:6639: result: objdump
configure:6668: checking how to recognize dependent libraries
configure:6870: result: pass_all
configure:6955: checking for dlltool
configure:6982: result: dlltool
configure:7012: checking how to associate runtime and link libraries
configure:7039: result: printf %s\n
configure:7099: checking for ar
configure:7115: found /usr/bin/ar
configure:7126: result: ar
configure:7163: checking for archiver @FILE support
configure:7190: gcc -c -O2  conftest.c >&5
configure:7197: $? = 0
configure:7204: ar cru libconftest.a @conftest.lst >&5
configure:7207: $? = 0
configure:7212: ar cru libconftest.a @conftest.lst >&5
ar: conftest.o: No such file or directory
configure:7215: $? = 1
configure:7233: result: @
configure:7291: checking for strip
configure:7307: found /usr/bin/strip
configure:7318: result: strip
configure:7390: checking for ranlib
configure:7406: found /usr/bin/ranlib
configure:7417: result: ranlib
configure:7519: checking command to parse /usr/bin/nm -B output from gcc object
configure:7638: gcc -c -O2  conftest.c >&5
configure:7641: $? = 0
configure:7645: /usr/bin/nm -B conftest.o \| sed -n -e 's/^.*[ ]\([ABCDGIRSTW][ABCDGIRSTW]*\)[ ][ ]*\([_A-Za-z][_A-Za-z0-9]*\)$/\1 \2 \2/p' | sed '/ __gnu_lto/d' \> conftest.nm
configure:7648: $? = 0
configure:7714: gcc -o conftest -O2   conftest.c conftstm.o >&5
configure:7717: $? = 0
configure:7755: result: ok
configure:7792: checking for sysroot
configure:7824: result: no
configure:7901: gcc -c -O2  conftest.c >&5
configure:7904: $? = 0
configure:8096: checking for mt
configure:8126: result: no
configure:8146: checking if : is a manifest tool
configure:8152: : '-?'
configure:8160: result: no
configure:8820: checking for dlfcn.h
configure:8841: gcc -c -O2  conftest.c >&5
configure:8848: $? = 0
configure:8865: result: yes
configure:9062: checking for objdir
configure:9077: result: .libs
configure:9348: checking if gcc supports -fno-rtti -fno-exceptions
configure:9366: gcc -c -O2  -fno-rtti -fno-exceptions conftest.c >&5
cc1: warning: command line option "-fno-rtti" is valid for C++/ObjC++ but not for C
configure:9370: $? = 0
configure:9383: result: no
configure:9693: checking for gcc option to produce PIC
configure:9700: result: -fPIC -DPIC
configure:9708: checking if gcc PIC flag -fPIC -DPIC works
configure:9726: gcc -c -O2  -fPIC -DPIC -DPIC conftest.c >&5
configure:9730: $? = 0
configure:9743: result: yes
configure:9772: checking if gcc static flag -static works
configure:9800: result: no
configure:9815: checking if gcc supports -c -o file.o
configure:9836: gcc -c -O2  -o out/conftest2.o conftest.c >&5
configure:9840: $? = 0
configure:9862: result: yes
configure:9870: checking if gcc supports -c -o file.o
configure:9917: result: yes
configure:9950: checking whether the gcc linker (/usr/bin/ld -m elf_x86_64) supports shared libraries
configure:11199: result: yes
configure:11236: checking whether -lc should be explicitly linked in
configure:11244: gcc -c -O2  conftest.c >&5
configure:11247: $? = 0
configure:11262: gcc -shared  -fPIC -DPIC conftest.o  -v -Wl,-soname -Wl,conftest -o conftest 2\>\&1 \| /bin/grep  -lc  \>/dev/null 2\>\&1
configure:11265: $? = 0
configure:11279: result: no
configure:11444: checking dynamic linker characteristics
configure:11981: gcc -o conftest -O2   -Wl,-rpath -Wl,/foo conftest.c  >&5
configure:11988: $? = 0
configure:12225: result: GNU/Linux ld.so
configure:12332: checking how to hardcode library paths into programs
configure:12357: result: immediate
configure:13210: checking whether stripping libraries is possible
configure:13215: result: yes
configure:13250: checking if libtool supports shared libraries
configure:13252: result: yes
configure:13255: checking whether to build shared libraries
configure:13276: result: yes
configure:13279: checking whether to build static libraries
configure:13283: result: yes
configure:13306: checking how to run the C++ preprocessor
configure:13342: g++ -E  conftest.cpp
configure:13349: $? = 0
configure:13380: g++ -E  conftest.cpp
conftest.cpp:22:28: error: ac_nonexistent.h: No such file or directory
configure:13387: $? = 1
configure: failed program was:
| /* confdefs.h.  */
| #define PACKAGE_NAME "PCRE"
| #define PACKAGE_TARNAME "pcre"
| #define PACKAGE_VERSION "8.32"
| #define PACKAGE_STRING "PCRE 8.32"
| #define PACKAGE_BUGREPORT ""
| #define PACKAGE "pcre"
| #define VERSION "8.32"
| #define STDC_HEADERS 1
| #define HAVE_SYS_TYPES_H 1
| #define HAVE_SYS_STAT_H 1
| #define HAVE_STDLIB_H 1
| #define HAVE_STRING_H 1
| #define HAVE_MEMORY_H 1
| #define HAVE_STRINGS_H 1
| #define HAVE_INTTYPES_H 1
| #define HAVE_STDINT_H 1
| #define HAVE_UNISTD_H 1
| #define HAVE_DLFCN_H 1
| #define LT_OBJDIR ".libs/"
| /* end confdefs.h.  */
| #include <ac_nonexistent.h>
configure:13420: result: g++ -E
configure:13449: g++ -E  conftest.cpp
configure:13456: $? = 0
configure:13487: g++ -E  conftest.cpp
conftest.cpp:22:28: error: ac_nonexistent.h: No such file or directory
configure:13494: $? = 1
configure: failed program was:
| /* confdefs.h.  */
| #define PACKAGE_NAME "PCRE"
| #define PACKAGE_TARNAME "pcre"
| #define PACKAGE_VERSION "8.32"
| #define PACKAGE_STRING "PCRE 8.32"
| #define PACKAGE_BUGREPORT ""
| #define PACKAGE "pcre"
| #define VERSION "8.32"
| #define STDC_HEADERS 1
| #define HAVE_SYS_TYPES_H 1
| #define HAVE_SYS_STAT_H 1
| #define HAVE_STDLIB_H 1
| #define HAVE_STRING_H 1
| #define HAVE_MEMORY_H 1
| #define HAVE_STRINGS_H 1
| #define HAVE_INTTYPES_H 1
| #define HAVE_STDINT_H 1
| #define HAVE_UNISTD_H 1
| #define HAVE_DLFCN_H 1
| #define LT_OBJDIR ".libs/"
| /* end confdefs.h.  */
| #include <ac_nonexistent.h>
configure:13675: checking for ld used by g++
configure:13742: result: /usr/bin/ld -m elf_x86_64
configure:13751: checking if the linker (/usr/bin/ld -m elf_x86_64) is GNU ld
configure:13766: result: yes
configure:13821: checking whether the g++ linker (/usr/bin/ld -m elf_x86_64) supports shared libraries
configure:14887: result: yes
configure:14922: g++ -c -O2  conftest.cpp >&5
configure:14925: $? = 0
configure:15445: checking for g++ option to produce PIC
configure:15452: result: -fPIC -DPIC
configure:15460: checking if g++ PIC flag -fPIC -DPIC works
configure:15478: g++ -c -O2  -fPIC -DPIC -DPIC conftest.cpp >&5
configure:15482: $? = 0
configure:15495: result: yes
configure:15518: checking if g++ static flag -static works
configure:15546: result: no
configure:15558: checking if g++ supports -c -o file.o
configure:15579: g++ -c -O2  -o out/conftest2.o conftest.cpp >&5
configure:15583: $? = 0
configure:15605: result: yes
configure:15610: checking if g++ supports -c -o file.o
configure:15657: result: yes
configure:15687: checking whether the g++ linker (/usr/bin/ld -m elf_x86_64) supports shared libraries
configure:15721: result: yes
configure:15864: checking dynamic linker characteristics
configure:16579: result: GNU/Linux ld.so
configure:16632: checking how to hardcode library paths into programs
configure:16657: result: immediate
configure:16716: checking whether ln -s works
configure:16720: result: yes
configure:16736: checking whether the -Werror option is usable
configure:16765: gcc -c -O2 -Werror  conftest.c >&5
configure:16772: $? = 0
configure:16789: result: yes
configure:16791: checking for simple visibility declarations
configure:16828: gcc -c -O2 -fvisibility=hidden -Werror  conftest.c >&5
configure:16835: $? = 0
configure:16852: result: yes
configure:17340: checking for ANSI C header files
configure:17508: result: yes
configure:17538: checking limits.h usability
configure:17555: gcc -c -O2  conftest.c >&5
configure:17562: $? = 0
configure:17576: result: yes
configure:17580: checking limits.h presence
configure:17595: gcc -E  conftest.c
configure:17602: $? = 0
configure:17616: result: yes
configure:17644: checking for limits.h
configure:17653: result: yes
configure:17527: checking for sys/types.h
configure:17534: result: yes
configure:17527: checking for sys/stat.h
configure:17534: result: yes
configure:17538: checking dirent.h usability
configure:17555: gcc -c -O2  conftest.c >&5
configure:17562: $? = 0
configure:17576: result: yes
configure:17580: checking dirent.h presence
configure:17595: gcc -E  conftest.c
configure:17602: $? = 0
configure:17616: result: yes
configure:17644: checking for dirent.h
configure:17653: result: yes
configure:17538: checking windows.h usability
configure:17555: gcc -c -O2  conftest.c >&5
conftest.c:68:21: error: windows.h: No such file or directory
configure:17562: $? = 1
configure: failed program was:
| /* confdefs.h.  */
| #define PACKAGE_NAME "PCRE"
| #define PACKAGE_TARNAME "pcre"
| #define PACKAGE_VERSION "8.32"
| #define PACKAGE_STRING "PCRE 8.32"
| #define PACKAGE_BUGREPORT ""
| #define PACKAGE "pcre"
| #define VERSION "8.32"
| #define STDC_HEADERS 1
| #define HAVE_SYS_TYPES_H 1
| #define HAVE_SYS_STAT_H 1
| #define HAVE_STDLIB_H 1
| #define HAVE_STRING_H 1
| #define HAVE_MEMORY_H 1
| #define HAVE_STRINGS_H 1
| #define HAVE_INTTYPES_H 1
| #define HAVE_STDINT_H 1
| #define HAVE_UNISTD_H 1
| #define HAVE_DLFCN_H 1
| #define LT_OBJDIR ".libs/"
| #define PCRE_EXP_DECL extern __attribute__ ((visibility ("default")))
| #define PCRE_EXP_DEFN __attribute__ ((visibility ("default")))
| #define PCRE_EXP_DATA_DEFN __attribute__ ((visibility ("default")))
| #define PCREPOSIX_EXP_DECL extern __attribute__ ((visibility ("default")))
| #define PCREPOSIX_EXP_DEFN extern __attribute__ ((visibility ("default")))
| #define PCRECPP_EXP_DECL extern __attribute__ ((visibility ("default")))
| #define PCRECPP_EXP_DEFN __attribute__ ((visibility ("default")))
| #define HAVE_VISIBILITY 1
| #define STDC_HEADERS 1
| #define HAVE_LIMITS_H 1
| #define HAVE_SYS_TYPES_H 1
| #define HAVE_SYS_STAT_H 1
| #define HAVE_DIRENT_H 1
| /* end confdefs.h.  */
| #include <stdio.h>
| #ifdef HAVE_SYS_TYPES_H
| # include <sys/types.h>
| #endif
| #ifdef HAVE_SYS_STAT_H
| # include <sys/stat.h>
| #endif
| #ifdef STDC_HEADERS
| # include <stdlib.h>
| # include <stddef.h>
| #else
| # ifdef HAVE_STDLIB_H
| #  include <stdlib.h>
| # endif
| #endif
| #ifdef HAVE_STRING_H
| # if !defined STDC_HEADERS && defined HAVE_MEMORY_H
| #  include <memory.h>
| # endif
| # include <string.h>
| #endif
| #ifdef HAVE_STRINGS_H
| # include <strings.h>
| #endif
| #ifdef HAVE_INTTYPES_H
| # include <inttypes.h>
| #endif
| #ifdef HAVE_STDINT_H
| # include <stdint.h>
| #endif
| #ifdef HAVE_UNISTD_H
| # include <unistd.h>
| #endif
| #include <windows.h>
configure:17576: result: no
configure:17580: checking windows.h presence
configure:17595: gcc -E  conftest.c
conftest.c:35:21: error: windows.h: No such file or directory
configure:17602: $? = 1
configure: failed program was:
| /* confdefs.h.  */
| #define PACKAGE_NAME "PCRE"
| #define PACKAGE_TARNAME "pcre"
| #define PACKAGE_VERSION "8.32"
| #define PACKAGE_STRING "PCRE 8.32"
| #define PACKAGE_BUGREPORT ""
| #define PACKAGE "pcre"
| #define VERSION "8.32"
| #define STDC_HEADERS 1
| #define HAVE_SYS_TYPES_H 1
| #define HAVE_SYS_STAT_H 1
| #define HAVE_STDLIB_H 1
| #define HAVE_STRING_H 1
| #define HAVE_MEMORY_H 1
| #define HAVE_STRINGS_H 1
| #define HAVE_INTTYPES_H 1
| #define HAVE_STDINT_H 1
| #define HAVE_UNISTD_H 1
| #define HAVE_DLFCN_H 1
| #define LT_OBJDIR ".libs/"
| #define PCRE_EXP_DECL extern __attribute__ ((visibility ("default")))
| #define PCRE_EXP_DEFN __attribute__ ((visibility ("default")))
| #define PCRE_EXP_DATA_DEFN __attribute__ ((visibility ("default")))
| #define PCREPOSIX_EXP_DECL extern __attribute__ ((visibility ("default")))
| #define PCREPOSIX_EXP_DEFN extern __attribute__ ((visibility ("default")))
| #define PCRECPP_EXP_DECL extern __attribute__ ((visibility ("default")))
| #define PCRECPP_EXP_DEFN __attribute__ ((visibility ("default")))
| #define HAVE_VISIBILITY 1
| #define STDC_HEADERS 1
| #define HAVE_LIMITS_H 1
| #define HAVE_SYS_TYPES_H 1
| #define HAVE_SYS_STAT_H 1
| #define HAVE_DIRENT_H 1
| /* end confdefs.h.  */
| #include <windows.h>
configure:17616: result: no
configure:17644: checking for windows.h
configure:17653: result: no
configure:17696: checking for alias support in the linker
configure:17725: g++ -o conftest -O2   -Wl,-alias,__ZN7pcrecpp2RE6no_argE,__ZN7pcrecpp6no_argE conftest.cpp  >&5
/usr/bin/ld: unrecognized -a option `lias'
collect2: ld returned 1 exit status
configure:17732: $? = 1
configure: failed program was:
| /* confdefs.h.  */
| #define PACKAGE_NAME "PCRE"
| #define PACKAGE_TARNAME "pcre"
| #define PACKAGE_VERSION "8.32"
| #define PACKAGE_STRING "PCRE 8.32"
| #define PACKAGE_BUGREPORT ""
| #define PACKAGE "pcre"
| #define VERSION "8.32"
| #define STDC_HEADERS 1
| #define HAVE_SYS_TYPES_H 1
| #define HAVE_SYS_STAT_H 1
| #define HAVE_STDLIB_H 1
| #define HAVE_STRING_H 1
| #define HAVE_MEMORY_H 1
| #define HAVE_STRINGS_H 1
| #define HAVE_INTTYPES_H 1
| #define HAVE_STDINT_H 1
| #define HAVE_UNISTD_H 1
| #define HAVE_DLFCN_H 1
| #define LT_OBJDIR ".libs/"
| #define PCRE_EXP_DECL extern __attribute__ ((visibility ("default")))
| #define PCRE_EXP_DEFN __attribute__ ((visibility ("default")))
| #define PCRE_EXP_DATA_DEFN __attribute__ ((visibility ("default")))
| #define PCREPOSIX_EXP_DECL extern __attribute__ ((visibility ("default")))
| #define PCREPOSIX_EXP_DEFN extern __attribute__ ((visibility ("default")))
| #define PCRECPP_EXP_DECL extern __attribute__ ((visibility ("default")))
| #define PCRECPP_EXP_DEFN __attribute__ ((visibility ("default")))
| #define HAVE_VISIBILITY 1
| #define STDC_HEADERS 1
| #define HAVE_LIMITS_H 1
| #define HAVE_SYS_TYPES_H 1
| #define HAVE_SYS_STAT_H 1
| #define HAVE_DIRENT_H 1
| /* end confdefs.h.  */
| namespace pcrecpp {
|                                     class RE { static int no_arg; };
|                                     int RE::no_arg;
|                                   }
| int
| main ()
| {
| 
|   ;
|   return 0;
| }
configure:17748: result: no
configure:17696: checking for alias support in the linker
configure:17725: g++ -o conftest -O2   -Wl,-i__ZN7pcrecpp6no_argE:__ZN7pcrecpp2RE6no_argE conftest.cpp  >&5
/usr/bin/ld: bad -rpath option
collect2: ld returned 1 exit status
configure:17732: $? = 1
configure: failed program was:
| /* confdefs.h.  */
| #define PACKAGE_NAME "PCRE"
| #define PACKAGE_TARNAME "pcre"
| #define PACKAGE_VERSION "8.32"
| #define PACKAGE_STRING "PCRE 8.32"
| #define PACKAGE_BUGREPORT ""
| #define PACKAGE "pcre"
| #define VERSION "8.32"
| #define STDC_HEADERS 1
| #define HAVE_SYS_TYPES_H 1
| #define HAVE_SYS_STAT_H 1
| #define HAVE_STDLIB_H 1
| #define HAVE_STRING_H 1
| #define HAVE_MEMORY_H 1
| #define HAVE_STRINGS_H 1
| #define HAVE_INTTYPES_H 1
| #define HAVE_STDINT_H 1
| #define HAVE_UNISTD_H 1
| #define HAVE_DLFCN_H 1
| #define LT_OBJDIR ".libs/"
| #define PCRE_EXP_DECL extern __attribute__ ((visibility ("default")))
| #define PCRE_EXP_DEFN __attribute__ ((visibility ("default")))
| #define PCRE_EXP_DATA_DEFN __attribute__ ((visibility ("default")))
| #define PCREPOSIX_EXP_DECL extern __attribute__ ((visibility ("default")))
| #define PCREPOSIX_EXP_DEFN extern __attribute__ ((visibility ("default")))
| #define PCRECPP_EXP_DECL extern __attribute__ ((visibility ("default")))
| #define PCRECPP_EXP_DEFN __attribute__ ((visibility ("default")))
| #define HAVE_VISIBILITY 1
| #define STDC_HEADERS 1
| #define HAVE_LIMITS_H 1
| #define HAVE_SYS_TYPES_H 1
| #define HAVE_SYS_STAT_H 1
| #define HAVE_DIRENT_H 1
| /* end confdefs.h.  */
| namespace pcrecpp {
|                                     class RE { static int no_arg; };
|                                     int RE::no_arg;
|                                   }
| int
| main ()
| {
| 
|   ;
|   return 0;
| }
configure:17748: result: no
configure:17778: checking string usability
configure:17795: g++ -c -O2  conftest.cpp >&5
configure:17802: $? = 0
configure:17816: result: yes
configure:17820: checking string presence
configure:17835: g++ -E  conftest.cpp
configure:17842: $? = 0
configure:17856: result: yes
configure:17884: checking for string
configure:17893: result: yes
configure:17926: checking bits/type_traits.h usability
configure:17943: g++ -c -O2  conftest.cpp >&5
conftest.cpp:69:30: error: bits/type_traits.h: No such file or directory
configure:17950: $? = 1
configure: failed program was:
| /* confdefs.h.  */
| #define PACKAGE_NAME "PCRE"
| #define PACKAGE_TARNAME "pcre"
| #define PACKAGE_VERSION "8.32"
| #define PACKAGE_STRING "PCRE 8.32"
| #define PACKAGE_BUGREPORT ""
| #define PACKAGE "pcre"
| #define VERSION "8.32"
| #define STDC_HEADERS 1
| #define HAVE_SYS_TYPES_H 1
| #define HAVE_SYS_STAT_H 1
| #define HAVE_STDLIB_H 1
| #define HAVE_STRING_H 1
| #define HAVE_MEMORY_H 1
| #define HAVE_STRINGS_H 1
| #define HAVE_INTTYPES_H 1
| #define HAVE_STDINT_H 1
| #define HAVE_UNISTD_H 1
| #define HAVE_DLFCN_H 1
| #define LT_OBJDIR ".libs/"
| #define PCRE_EXP_DECL extern __attribute__ ((visibility ("default")))
| #define PCRE_EXP_DEFN __attribute__ ((visibility ("default")))
| #define PCRE_EXP_DATA_DEFN __attribute__ ((visibility ("default")))
| #define PCREPOSIX_EXP_DECL extern __attribute__ ((visibility ("default")))
| #define PCREPOSIX_EXP_DEFN extern __attribute__ ((visibility ("default")))
| #define PCRECPP_EXP_DECL extern __attribute__ ((visibility ("default")))
| #define PCRECPP_EXP_DEFN __attribute__ ((visibility ("default")))
| #define HAVE_VISIBILITY 1
| #define STDC_HEADERS 1
| #define HAVE_LIMITS_H 1
| #define HAVE_SYS_TYPES_H 1
| #define HAVE_SYS_STAT_H 1
| #define HAVE_DIRENT_H 1
| #define HAVE_STRING 1
| /* end confdefs.h.  */
| #include <stdio.h>
| #ifdef HAVE_SYS_TYPES_H
| # include <sys/types.h>
| #endif
| #ifdef HAVE_SYS_STAT_H
| # include <sys/stat.h>
| #endif
| #ifdef STDC_HEADERS
| # include <stdlib.h>
| # include <stddef.h>
| #else
| # ifdef HAVE_STDLIB_H
| #  include <stdlib.h>
| # endif
| #endif
| #ifdef HAVE_STRING_H
| # if !defined STDC_HEADERS && defined HAVE_MEMORY_H
| #  include <memory.h>
| # endif
| # include <string.h>
| #endif
| #ifdef HAVE_STRINGS_H
| # include <strings.h>
| #endif
| #ifdef HAVE_INTTYPES_H
| # include <inttypes.h>
| #endif
| #ifdef HAVE_STDINT_H
| # include <stdint.h>
| #endif
| #ifdef HAVE_UNISTD_H
| # include <unistd.h>
| #endif
| #include <bits/type_traits.h>
configure:17964: result: no
configure:17968: checking bits/type_traits.h presence
configure:17983: g++ -E  conftest.cpp
conftest.cpp:36:30: error: bits/type_traits.h: No such file or directory
configure:17990: $? = 1
configure: failed program was:
| /* confdefs.h.  */
| #define PACKAGE_NAME "PCRE"
| #define PACKAGE_TARNAME "pcre"
| #define PACKAGE_VERSION "8.32"
| #define PACKAGE_STRING "PCRE 8.32"
| #define PACKAGE_BUGREPORT ""
| #define PACKAGE "pcre"
| #define VERSION "8.32"
| #define STDC_HEADERS 1
| #define HAVE_SYS_TYPES_H 1
| #define HAVE_SYS_STAT_H 1
| #define HAVE_STDLIB_H 1
| #define HAVE_STRING_H 1
| #define HAVE_MEMORY_H 1
| #define HAVE_STRINGS_H 1
| #define HAVE_INTTYPES_H 1
| #define HAVE_STDINT_H 1
| #define HAVE_UNISTD_H 1
| #define HAVE_DLFCN_H 1
| #define LT_OBJDIR ".libs/"
| #define PCRE_EXP_DECL extern __attribute__ ((visibility ("default")))
| #define PCRE_EXP_DEFN __attribute__ ((visibility ("default")))
| #define PCRE_EXP_DATA_DEFN __attribute__ ((visibility ("default")))
| #define PCREPOSIX_EXP_DECL extern __attribute__ ((visibility ("default")))
| #define PCREPOSIX_EXP_DEFN extern __attribute__ ((visibility ("default")))
| #define PCRECPP_EXP_DECL extern __attribute__ ((visibility ("default")))
| #define PCRECPP_EXP_DEFN __attribute__ ((visibility ("default")))
| #define HAVE_VISIBILITY 1
| #define STDC_HEADERS 1
| #define HAVE_LIMITS_H 1
| #define HAVE_SYS_TYPES_H 1
| #define HAVE_SYS_STAT_H 1
| #define HAVE_DIRENT_H 1
| #define HAVE_STRING 1
| /* end confdefs.h.  */
| #include <bits/type_traits.h>
configure:18004: result: no
configure:18032: checking for bits/type_traits.h
configure:18041: result: no
configure:18074: checking type_traits.h usability
configure:18091: g++ -c -O2  conftest.cpp >&5
conftest.cpp:69:25: error: type_traits.h: No such file or directory
configure:18098: $? = 1
configure: failed program was:
| /* confdefs.h.  */
| #define PACKAGE_NAME "PCRE"
| #define PACKAGE_TARNAME "pcre"
| #define PACKAGE_VERSION "8.32"
| #define PACKAGE_STRING "PCRE 8.32"
| #define PACKAGE_BUGREPORT ""
| #define PACKAGE "pcre"
| #define VERSION "8.32"
| #define STDC_HEADERS 1
| #define HAVE_SYS_TYPES_H 1
| #define HAVE_SYS_STAT_H 1
| #define HAVE_STDLIB_H 1
| #define HAVE_STRING_H 1
| #define HAVE_MEMORY_H 1
| #define HAVE_STRINGS_H 1
| #define HAVE_INTTYPES_H 1
| #define HAVE_STDINT_H 1
| #define HAVE_UNISTD_H 1
| #define HAVE_DLFCN_H 1
| #define LT_OBJDIR ".libs/"
| #define PCRE_EXP_DECL extern __attribute__ ((visibility ("default")))
| #define PCRE_EXP_DEFN __attribute__ ((visibility ("default")))
| #define PCRE_EXP_DATA_DEFN __attribute__ ((visibility ("default")))
| #define PCREPOSIX_EXP_DECL extern __attribute__ ((visibility ("default")))
| #define PCREPOSIX_EXP_DEFN extern __attribute__ ((visibility ("default")))
| #define PCRECPP_EXP_DECL extern __attribute__ ((visibility ("default")))
| #define PCRECPP_EXP_DEFN __attribute__ ((visibility ("default")))
| #define HAVE_VISIBILITY 1
| #define STDC_HEADERS 1
| #define HAVE_LIMITS_H 1
| #define HAVE_SYS_TYPES_H 1
| #define HAVE_SYS_STAT_H 1
| #define HAVE_DIRENT_H 1
| #define HAVE_STRING 1
| /* end confdefs.h.  */
| #include <stdio.h>
| #ifdef HAVE_SYS_TYPES_H
| # include <sys/types.h>
| #endif
| #ifdef HAVE_SYS_STAT_H
| # include <sys/stat.h>
| #endif
| #ifdef STDC_HEADERS
| # include <stdlib.h>
| # include <stddef.h>
| #else
| # ifdef HAVE_STDLIB_H
| #  include <stdlib.h>
| # endif
| #endif
| #ifdef HAVE_STRING_H
| # if !defined STDC_HEADERS && defined HAVE_MEMORY_H
| #  include <memory.h>
| # endif
| # include <string.h>
| #endif
| #ifdef HAVE_STRINGS_H
| # include <strings.h>
| #endif
| #ifdef HAVE_INTTYPES_H
| # include <inttypes.h>
| #endif
| #ifdef HAVE_STDINT_H
| # include <stdint.h>
| #endif
| #ifdef HAVE_UNISTD_H
| # include <unistd.h>
| #endif
| #include <type_traits.h>
configure:18112: result: no
configure:18116: checking type_traits.h presence
configure:18131: g++ -E  conftest.cpp
conftest.cpp:36:25: error: type_traits.h: No such file or directory
configure:18138: $? = 1
configure: failed program was:
| /* confdefs.h.  */
| #define PACKAGE_NAME "PCRE"
| #define PACKAGE_TARNAME "pcre"
| #define PACKAGE_VERSION "8.32"
| #define PACKAGE_STRING "PCRE 8.32"
| #define PACKAGE_BUGREPORT ""
| #define PACKAGE "pcre"
| #define VERSION "8.32"
| #define STDC_HEADERS 1
| #define HAVE_SYS_TYPES_H 1
| #define HAVE_SYS_STAT_H 1
| #define HAVE_STDLIB_H 1
| #define HAVE_STRING_H 1
| #define HAVE_MEMORY_H 1
| #define HAVE_STRINGS_H 1
| #define HAVE_INTTYPES_H 1
| #define HAVE_STDINT_H 1
| #define HAVE_UNISTD_H 1
| #define HAVE_DLFCN_H 1
| #define LT_OBJDIR ".libs/"
| #define PCRE_EXP_DECL extern __attribute__ ((visibility ("default")))
| #define PCRE_EXP_DEFN __attribute__ ((visibility ("default")))
| #define PCRE_EXP_DATA_DEFN __attribute__ ((visibility ("default")))
| #define PCREPOSIX_EXP_DECL extern __attribute__ ((visibility ("default")))
| #define PCREPOSIX_EXP_DEFN extern __attribute__ ((visibility ("default")))
| #define PCRECPP_EXP_DECL extern __attribute__ ((visibility ("default")))
| #define PCRECPP_EXP_DEFN __attribute__ ((visibility ("default")))
| #define HAVE_VISIBILITY 1
| #define STDC_HEADERS 1
| #define HAVE_LIMITS_H 1
| #define HAVE_SYS_TYPES_H 1
| #define HAVE_SYS_STAT_H 1
| #define HAVE_DIRENT_H 1
| #define HAVE_STRING 1
| /* end confdefs.h.  */
| #include <type_traits.h>
configure:18152: result: no
configure:18180: checking for type_traits.h
configure:18189: result: no
configure:18224: checking for strtoq
configure:18252: g++ -c -O2  conftest.cpp >&5
configure:18259: $? = 0
configure:18264: result: yes
configure:18285: checking for long long
configure:18313: g++ -c -O2  conftest.cpp >&5
configure:18320: $? = 0
configure:18347: g++ -c -O2  conftest.cpp >&5
conftest.cpp: In function 'int main()':
conftest.cpp:73: error: expected primary-expression before 'long'
conftest.cpp:73: error: expected ')' before 'long'
conftest.cpp:74: error: expected ')' before ';' token
conftest.cpp:74: error: expected ')' before ';' token
configure:18354: $? = 1
configure: failed program was:
| /* confdefs.h.  */
| #define PACKAGE_NAME "PCRE"
| #define PACKAGE_TARNAME "pcre"
| #define PACKAGE_VERSION "8.32"
| #define PACKAGE_STRING "PCRE 8.32"
| #define PACKAGE_BUGREPORT ""
| #define PACKAGE "pcre"
| #define VERSION "8.32"
| #define STDC_HEADERS 1
| #define HAVE_SYS_TYPES_H 1
| #define HAVE_SYS_STAT_H 1
| #define HAVE_STDLIB_H 1
| #define HAVE_STRING_H 1
| #define HAVE_MEMORY_H 1
| #define HAVE_STRINGS_H 1
| #define HAVE_INTTYPES_H 1
| #define HAVE_STDINT_H 1
| #define HAVE_UNISTD_H 1
| #define HAVE_DLFCN_H 1
| #define LT_OBJDIR ".libs/"
| #define PCRE_EXP_DECL extern __attribute__ ((visibility ("default")))
| #define PCRE_EXP_DEFN __attribute__ ((visibility ("default")))
| #define PCRE_EXP_DATA_DEFN __attribute__ ((visibility ("default")))
| #define PCREPOSIX_EXP_DECL extern __attribute__ ((visibility ("default")))
| #define PCREPOSIX_EXP_DEFN extern __attribute__ ((visibility ("default")))
| #define PCRECPP_EXP_DECL extern __attribute__ ((visibility ("default")))
| #define PCRECPP_EXP_DEFN __attribute__ ((visibility ("default")))
| #define HAVE_VISIBILITY 1
| #define STDC_HEADERS 1
| #define HAVE_LIMITS_H 1
| #define HAVE_SYS_TYPES_H 1
| #define HAVE_SYS_STAT_H 1
| #define HAVE_DIRENT_H 1
| #define HAVE_STRING 1
| #define HAVE_STRTOQ 1
| /* end confdefs.h.  */
| #include <stdio.h>
| #ifdef HAVE_SYS_TYPES_H
| # include <sys/types.h>
| #endif
| #ifdef HAVE_SYS_STAT_H
| # include <sys/stat.h>
| #endif
| #ifdef STDC_HEADERS
| # include <stdlib.h>
| # include <stddef.h>
| #else
| # ifdef HAVE_STDLIB_H
| #  include <stdlib.h>
| # endif
| #endif
| #ifdef HAVE_STRING_H
| # if !defined STDC_HEADERS && defined HAVE_MEMORY_H
| #  include <memory.h>
| # endif
| # include <string.h>
| #endif
| #ifdef HAVE_STRINGS_H
| # include <strings.h>
| #endif
| #ifdef HAVE_INTTYPES_H
| # include <inttypes.h>
| #endif
| #ifdef HAVE_STDINT_H
| # include <stdint.h>
| #endif
| #ifdef HAVE_UNISTD_H
| # include <unistd.h>
| #endif
| int
| main ()
| {
| if (sizeof ((long long)))
| 	  return 0;
|   ;
|   return 0;
| }
configure:18377: result: yes
configure:18390: checking for unsigned long long
configure:18418: g++ -c -O2  conftest.cpp >&5
configure:18425: $? = 0
configure:18452: g++ -c -O2  conftest.cpp >&5
conftest.cpp: In function 'int main()':
conftest.cpp:74: error: expected primary-expression before 'unsigned'
conftest.cpp:74: error: expected ')' before 'unsigned'
conftest.cpp:75: error: expected ')' before ';' token
conftest.cpp:75: error: expected ')' before ';' token
configure:18459: $? = 1
configure: failed program was:
| /* confdefs.h.  */
| #define PACKAGE_NAME "PCRE"
| #define PACKAGE_TARNAME "pcre"
| #define PACKAGE_VERSION "8.32"
| #define PACKAGE_STRING "PCRE 8.32"
| #define PACKAGE_BUGREPORT ""
| #define PACKAGE "pcre"
| #define VERSION "8.32"
| #define STDC_HEADERS 1
| #define HAVE_SYS_TYPES_H 1
| #define HAVE_SYS_STAT_H 1
| #define HAVE_STDLIB_H 1
| #define HAVE_STRING_H 1
| #define HAVE_MEMORY_H 1
| #define HAVE_STRINGS_H 1
| #define HAVE_INTTYPES_H 1
| #define HAVE_STDINT_H 1
| #define HAVE_UNISTD_H 1
| #define HAVE_DLFCN_H 1
| #define LT_OBJDIR ".libs/"
| #define PCRE_EXP_DECL extern __attribute__ ((visibility ("default")))
| #define PCRE_EXP_DEFN __attribute__ ((visibility ("default")))
| #define PCRE_EXP_DATA_DEFN __attribute__ ((visibility ("default")))
| #define PCREPOSIX_EXP_DECL extern __attribute__ ((visibility ("default")))
| #define PCREPOSIX_EXP_DEFN extern __attribute__ ((visibility ("default")))
| #define PCRECPP_EXP_DECL extern __attribute__ ((visibility ("default")))
| #define PCRECPP_EXP_DEFN __attribute__ ((visibility ("default")))
| #define HAVE_VISIBILITY 1
| #define STDC_HEADERS 1
| #define HAVE_LIMITS_H 1
| #define HAVE_SYS_TYPES_H 1
| #define HAVE_SYS_STAT_H 1
| #define HAVE_DIRENT_H 1
| #define HAVE_STRING 1
| #define HAVE_STRTOQ 1
| #define HAVE_LONG_LONG 1
| /* end confdefs.h.  */
| #include <stdio.h>
| #ifdef HAVE_SYS_TYPES_H
| # include <sys/types.h>
| #endif
| #ifdef HAVE_SYS_STAT_H
| # include <sys/stat.h>
| #endif
| #ifdef STDC_HEADERS
| # include <stdlib.h>
| # include <stddef.h>
| #else
| # ifdef HAVE_STDLIB_H
| #  include <stdlib.h>
| # endif
| #endif
| #ifdef HAVE_STRING_H
| # if !defined STDC_HEADERS && defined HAVE_MEMORY_H
| #  include <memory.h>
| # endif
| # include <string.h>
| #endif
| #ifdef HAVE_STRINGS_H
| # include <strings.h>
| #endif
| #ifdef HAVE_INTTYPES_H
| # include <inttypes.h>
| #endif
| #ifdef HAVE_STDINT_H
| # include <stdint.h>
| #endif
| #ifdef HAVE_UNISTD_H
| # include <unistd.h>
| #endif
| int
| main ()
| {
| if (sizeof ((unsigned long long)))
| 	  return 0;
|   ;
|   return 0;
| }
configure:18482: result: yes
configure:18581: checking for an ANSI C-conforming const
configure:18656: gcc -c -O2  conftest.c >&5
configure:18663: $? = 0
configure:18678: result: yes
configure:18688: checking for size_t
configure:18716: gcc -c -O2  conftest.c >&5
configure:18723: $? = 0
configure:18750: gcc -c -O2  conftest.c >&5
conftest.c: In function 'main':
conftest.c:75: error: expected expression before ')' token
configure:18757: $? = 1
configure: failed program was:
| /* confdefs.h.  */
| #define PACKAGE_NAME "PCRE"
| #define PACKAGE_TARNAME "pcre"
| #define PACKAGE_VERSION "8.32"
| #define PACKAGE_STRING "PCRE 8.32"
| #define PACKAGE_BUGREPORT ""
| #define PACKAGE "pcre"
| #define VERSION "8.32"
| #define STDC_HEADERS 1
| #define HAVE_SYS_TYPES_H 1
| #define HAVE_SYS_STAT_H 1
| #define HAVE_STDLIB_H 1
| #define HAVE_STRING_H 1
| #define HAVE_MEMORY_H 1
| #define HAVE_STRINGS_H 1
| #define HAVE_INTTYPES_H 1
| #define HAVE_STDINT_H 1
| #define HAVE_UNISTD_H 1
| #define HAVE_DLFCN_H 1
| #define LT_OBJDIR ".libs/"
| #define PCRE_EXP_DECL extern __attribute__ ((visibility ("default")))
| #define PCRE_EXP_DEFN __attribute__ ((visibility ("default")))
| #define PCRE_EXP_DATA_DEFN __attribute__ ((visibility ("default")))
| #define PCREPOSIX_EXP_DECL extern __attribute__ ((visibility ("default")))
| #define PCREPOSIX_EXP_DEFN extern __attribute__ ((visibility ("default")))
| #define PCRECPP_EXP_DECL extern __attribute__ ((visibility ("default")))
| #define PCRECPP_EXP_DEFN __attribute__ ((visibility ("default")))
| #define HAVE_VISIBILITY 1
| #define STDC_HEADERS 1
| #define HAVE_LIMITS_H 1
| #define HAVE_SYS_TYPES_H 1
| #define HAVE_SYS_STAT_H 1
| #define HAVE_DIRENT_H 1
| #define HAVE_STRING 1
| #define HAVE_STRTOQ 1
| #define HAVE_LONG_LONG 1
| #define HAVE_UNSIGNED_LONG_LONG 1
| /* end confdefs.h.  */
| #include <stdio.h>
| #ifdef HAVE_SYS_TYPES_H
| # include <sys/types.h>
| #endif
| #ifdef HAVE_SYS_STAT_H
| # include <sys/stat.h>
| #endif
| #ifdef STDC_HEADERS
| # include <stdlib.h>
| # include <stddef.h>
| #else
| # ifdef HAVE_STDLIB_H
| #  include <stdlib.h>
| # endif
| #endif
| #ifdef HAVE_STRING_H
| # if !defined STDC_HEADERS && defined HAVE_MEMORY_H
| #  include <memory.h>
| # endif
| # include <string.h>
| #endif
| #ifdef HAVE_STRINGS_H
| # include <strings.h>
| #endif
| #ifdef HAVE_INTTYPES_H
| # include <inttypes.h>
| #endif
| #ifdef HAVE_STDINT_H
| # include <stdint.h>
| #endif
| #ifdef HAVE_UNISTD_H
| # include <unistd.h>
| #endif
| int
| main ()
| {
| if (sizeof ((size_t)))
| 	  return 0;
|   ;
|   return 0;
| }
configure:18780: result: yes
configure:18801: checking for bcopy
configure:18857: gcc -o conftest -O2   conftest.c  >&5
conftest.c:62: warning: conflicting types for built-in function 'bcopy'
configure:18864: $? = 0
configure:18886: result: yes
configure:18801: checking for memmove
configure:18857: gcc -o conftest -O2   conftest.c  >&5
conftest.c:63: warning: conflicting types for built-in function 'memmove'
configure:18864: $? = 0
configure:18886: result: yes
configure:18801: checking for strerror
configure:18857: gcc -o conftest -O2   conftest.c  >&5
configure:18864: $? = 0
configure:18886: result: yes
configure:18917: checking zlib.h usability
configure:18934: gcc -c -O2  conftest.c >&5
configure:18941: $? = 0
configure:18955: result: yes
configure:18959: checking zlib.h presence
configure:18974: gcc -E  conftest.c
configure:18981: $? = 0
configure:18995: result: yes
configure:19023: checking for zlib.h
configure:19032: result: yes
configure:19047: checking for gzopen in -lz
configure:19082: gcc -o conftest -O2   conftest.c -lz   >&5
configure:19089: $? = 0
configure:19110: result: yes
configure:19149: checking bzlib.h usability
configure:19166: gcc -c -O2  conftest.c >&5
configure:19173: $? = 0
configure:19187: result: yes
configure:19191: checking bzlib.h presence
configure:19206: gcc -E  conftest.c
configure:19213: $? = 0
configure:19227: result: yes
configure:19255: checking for bzlib.h
configure:19264: result: yes
configure:19284: checking for libbz2
configure:19312: gcc -o conftest -O2   conftest.c  -lbz2 >&5
conftest.c: In function 'main':
conftest.c:51: warning: cast from pointer to integer of different size
configure:19319: $? = 0
configure:19327: result: yes
configure:22040: creating ./config.status

## ---------------- ##
## Cache variables. ##
## ---------------- ##

ac_cv_build=x86_64-unknown-linux-gnu
ac_cv_c_compiler_gnu=yes
ac_cv_c_const=yes
ac_cv_c_int64_t=yes
ac_cv_cxx_compiler_gnu=yes
ac_cv_env_CCC_set=
ac_cv_env_CCC_value=
ac_cv_env_CC_set=
ac_cv_env_CC_value=
ac_cv_env_CFLAGS_set=
ac_cv_env_CFLAGS_value=
ac_cv_env_CPPFLAGS_set=
ac_cv_env_CPPFLAGS_value=
ac_cv_env_CPP_set=
ac_cv_env_CPP_value=
ac_cv_env_CXXCPP_set=
ac_cv_env_CXXCPP_value=
ac_cv_env_CXXFLAGS_set=
ac_cv_env_CXXFLAGS_value=
ac_cv_env_CXX_set=
ac_cv_env_CXX_value=
ac_cv_env_GENHTML_set=
ac_cv_env_GENHTML_value=
ac_cv_env_LCOV_set=
ac_cv_env_LCOV_value=
ac_cv_env_LDFLAGS_set=
ac_cv_env_LDFLAGS_value=
ac_cv_env_LIBS_set=
ac_cv_env_LIBS_value=
ac_cv_env_PKG_CONFIG_set=
ac_cv_env_PKG_CONFIG_value=
ac_cv_env_VALGRIND_CFLAGS_set=
ac_cv_env_VALGRIND_CFLAGS_value=
ac_cv_env_VALGRIND_LIBS_set=
ac_cv_env_VALGRIND_LIBS_value=
ac_cv_env_build_alias_set=
ac_cv_env_build_alias_value=
ac_cv_env_host_alias_set=
ac_cv_env_host_alias_value=
ac_cv_env_target_alias_set=
ac_cv_env_target_alias_value=
ac_cv_func_bcopy=yes
ac_cv_func_memmove=yes
ac_cv_func_strerror=yes
ac_cv_header_bits_type_traits_h=no
ac_cv_header_bzlib_h=yes
ac_cv_header_dirent_h=yes
ac_cv_header_dlfcn_h=yes
ac_cv_header_inttypes_h=yes
ac_cv_header_limits_h=yes
ac_cv_header_memory_h=yes
ac_cv_header_stdc=yes
ac_cv_header_stdint_h=yes
ac_cv_header_stdlib_h=yes
ac_cv_header_string=yes
ac_cv_header_string_h=yes
ac_cv_header_strings_h=yes
ac_cv_header_sys_stat_h=yes
ac_cv_header_sys_types_h=yes
ac_cv_header_type_traits_h=no
ac_cv_header_unistd_h=yes
ac_cv_header_windows_h=no
ac_cv_header_zlib_h=yes
ac_cv_host=x86_64-unknown-linux-gnu
ac_cv_lib_z_gzopen=yes
ac_cv_objext=o
ac_cv_path_EGREP='/bin/grep -E'
ac_cv_path_FGREP='/bin/grep -F'
ac_cv_path_GREP=/bin/grep
ac_cv_path_SED=/bin/sed
ac_cv_path_install='/usr/bin/install -c'
ac_cv_path_mkdir=/bin/mkdir
ac_cv_prog_AWK=gawk
ac_cv_prog_CPP='gcc -E'
ac_cv_prog_CXXCPP='g++ -E'
ac_cv_prog_ac_ct_AR=ar
ac_cv_prog_ac_ct_CC=gcc
ac_cv_prog_ac_ct_CXX=g++
ac_cv_prog_ac_ct_DLLTOOL=dlltool
ac_cv_prog_ac_ct_OBJDUMP=objdump
ac_cv_prog_ac_ct_RANLIB=ranlib
ac_cv_prog_ac_ct_STRIP=strip
ac_cv_prog_cc_c89=
ac_cv_prog_cc_g=yes
ac_cv_prog_cc_gcc_c_o=yes
ac_cv_prog_cxx_g=yes
ac_cv_prog_make_make_set=yes
ac_cv_type_long_long=yes
ac_cv_type_size_t=yes
ac_cv_type_unsigned_long_long=yes
am_cv_CC_dependencies_compiler_type=gcc3
am_cv_CXX_dependencies_compiler_type=gcc3
lt_cv_ar_at_file=@
lt_cv_archive_cmds_need_lc=no
lt_cv_deplibs_check_method=pass_all
lt_cv_file_magic_cmd='$MAGIC_CMD'
lt_cv_file_magic_test_file=
lt_cv_ld_reload_flag=-r
lt_cv_nm_interface='BSD nm'
lt_cv_objdir=.libs
lt_cv_path_LD=/usr/bin/ld
lt_cv_path_LDCXX='/usr/bin/ld -m elf_x86_64'
lt_cv_path_NM='/usr/bin/nm -B'
lt_cv_path_mainfest_tool=no
lt_cv_prog_compiler_c_o=yes
lt_cv_prog_compiler_c_o_CXX=yes
lt_cv_prog_compiler_pic='-fPIC -DPIC'
lt_cv_prog_compiler_pic_CXX='-fPIC -DPIC'
lt_cv_prog_compiler_pic_works=yes
lt_cv_prog_compiler_pic_works_CXX=yes
lt_cv_prog_compiler_rtti_exceptions=no
lt_cv_prog_compiler_static_works=no
lt_cv_prog_compiler_static_works_CXX=no
lt_cv_prog_gnu_ld=yes
lt_cv_prog_gnu_ldcxx=yes
lt_cv_sharedlib_from_linklib_cmd='printf %s\n'
lt_cv_shlibpath_overrides_runpath=no
lt_cv_sys_global_symbol_pipe='sed -n -e '\''s/^.*[	 ]\([ABCDGIRSTW][ABCDGIRSTW]*\)[	 ][	 ]*\([_A-Za-z][_A-Za-z0-9]*\)$/\1 \2 \2/p'\'' | sed '\''/ __gnu_lto/d'\'''
lt_cv_sys_global_symbol_to_c_name_address='sed -n -e '\''s/^: \([^ ]*\)[ ]*$/  {\"\1\", (void *) 0},/p'\'' -e '\''s/^[ABCDGIRSTW]* \([^ ]*\) \([^ ]*\)$/  {"\2", (void *) \&\2},/p'\'''
lt_cv_sys_global_symbol_to_c_name_address_lib_prefix='sed -n -e '\''s/^: \([^ ]*\)[ ]*$/  {\"\1\", (void *) 0},/p'\'' -e '\''s/^[ABCDGIRSTW]* \([^ ]*\) \(lib[^ ]*\)$/  {"\2", (void *) \&\2},/p'\'' -e '\''s/^[ABCDGIRSTW]* \([^ ]*\) \([^ ]*\)$/  {"lib\2", (void *) \&\2},/p'\'''
lt_cv_sys_global_symbol_to_cdecl='sed -n -e '\''s/^T .* \(.*\)$/extern int \1();/p'\'' -e '\''s/^[ABCDGIRSTW]* .* \(.*\)$/extern char \1;/p'\'''
lt_cv_sys_max_cmd_len=1966080
lt_cv_to_host_file_cmd=func_convert_file_noop
lt_cv_to_tool_file_cmd=func_convert_file_noop
pcre_cv_cc_vis_werror=yes
pcre_cv_cc_visibility=yes

## ----------------- ##
## Output variables. ##
## ----------------- ##

ACLOCAL='${SHELL} /home/zork/mcs/3rd/pcre-8.32/missing --run aclocal-1.11'
AMDEPBACKSLASH='\'
AMDEP_FALSE='#'
AMDEP_TRUE=''
AMTAR='${SHELL} /home/zork/mcs/3rd/pcre-8.32/missing --run tar'
AM_BACKSLASH='\'
AM_DEFAULT_VERBOSITY='0'
AR='ar'
AS='as'
AUTOCONF='${SHELL} /home/zork/mcs/3rd/pcre-8.32/missing --run autoconf'
AUTOHEADER='${SHELL} /home/zork/mcs/3rd/pcre-8.32/missing --run autoheader'
AUTOMAKE='${SHELL} /home/zork/mcs/3rd/pcre-8.32/missing --run automake-1.11'
AWK='gawk'
CC='gcc'
CCDEPMODE='depmode=gcc3'
CFLAGS='-O2'
CPP='gcc -E'
CPPFLAGS=''
CXX='g++'
CXXCPP='g++ -E'
CXXDEPMODE='depmode=gcc3'
CXXFLAGS='-O2'
CYGPATH_W='echo'
DEFS='-DHAVE_CONFIG_H'
DEPDIR='.deps'
DISTCHECK_CONFIGURE_FLAGS='CFLAGS='\'''\'' CXXFLAGS='\'''\'' --enable-pcre16 --enable-pcre32 --enable-jit --enable-cpp --enable-unicode-properties'
DLLTOOL='dlltool'
DSYMUTIL=''
DUMPBIN=''
ECHO_C=''
ECHO_N='-n'
ECHO_T=''
EGREP='/bin/grep -E'
EXEEXT=''
EXTRA_LIBPCRE16_LDFLAGS='                         -version-info 2:0:2'
EXTRA_LIBPCRE32_LDFLAGS='                         -version-info 0:0:0'
EXTRA_LIBPCRECPP_LDFLAGS='                            -version-info 0:0:0                           '
EXTRA_LIBPCREPOSIX_LDFLAGS='                              -version-info 0:1:0'
EXTRA_LIBPCRE_LDFLAGS='                         -version-info 3:0:2'
FGREP='/bin/grep -F'
GCOV_CFLAGS=''
GCOV_CXXFLAGS=''
GCOV_LIBS=''
GENHTML=''
GREP='/bin/grep'
HAVE_VISIBILITY='1'
INSTALL_DATA='${INSTALL} -m 644'
INSTALL_PROGRAM='${INSTALL}'
INSTALL_SCRIPT='${INSTALL}'
INSTALL_STRIP_PROGRAM='$(install_sh) -c -s'
LCOV=''
LD='/usr/bin/ld -m elf_x86_64'
LDFLAGS=''
LIBBZ2=''
LIBOBJS=''
LIBREADLINE=''
LIBS=''
LIBTOOL='$(SHELL) $(top_builddir)/libtool'
LIBZ=''
LIPO=''
LN_S='ln -s'
LTLIBOBJS=''
MAKEINFO='${SHELL} /home/zork/mcs/3rd/pcre-8.32/missing --run makeinfo'
MANIFEST_TOOL=':'
MKDIR_P='/bin/mkdir -p'
NM='/usr/bin/nm -B'
NMEDIT=''
OBJDUMP='objdump'
OBJEXT='o'
OTOOL64=''
OTOOL=''
PACKAGE='pcre'
PACKAGE_BUGREPORT=''
PACKAGE_NAME='PCRE'
PACKAGE_STRING='PCRE 8.32'
PACKAGE_TARNAME='pcre'
PACKAGE_VERSION='8.32'
PATH_SEPARATOR=':'
PCRE_DATE='2012-11-30'
PCRE_MAJOR='8'
PCRE_MINOR='32'
PCRE_PRERELEASE=''
PCRE_STATIC_CFLAG=''
PKG_CONFIG=''
PTHREAD_CC=''
PTHREAD_CFLAGS=''
PTHREAD_LIBS=''
RANLIB='ranlib'
SED='/bin/sed'
SET_MAKE=''
SHELL='/bin/sh'
SHTOOL=''
STRIP='strip'
VALGRIND_CFLAGS=''
VALGRIND_LIBS=''
VERSION='8.32'
VISIBILITY_CFLAGS='-fvisibility=hidden'
VISIBILITY_CXXFLAGS='-fvisibility=hidden -fvisibility-inlines-hidden'
WITH_GCOV_FALSE=''
WITH_GCOV_TRUE='#'
WITH_JIT_FALSE=''
WITH_JIT_TRUE='#'
WITH_PCRE16_FALSE=''
WITH_PCRE16_TRUE='#'
WITH_PCRE32_FALSE=''
WITH_PCRE32_TRUE='#'
WITH_PCRE8_FALSE='#'
WITH_PCRE8_TRUE=''
WITH_PCRE_CPP_FALSE='#'
WITH_PCRE_CPP_TRUE=''
WITH_REBUILD_CHARTABLES_FALSE=''
WITH_REBUILD_CHARTABLES_TRUE='#'
WITH_UTF_FALSE=''
WITH_UTF_TRUE='#'
WITH_VALGRIND_FALSE=''
WITH_VALGRIND_TRUE='#'
ac_ct_AR='ar'
ac_ct_CC='gcc'
ac_ct_CXX='g++'
ac_ct_DUMPBIN=''
am__EXEEXT_FALSE=''
am__EXEEXT_TRUE='#'
am__fastdepCC_FALSE='#'
am__fastdepCC_TRUE=''
am__fastdepCXX_FALSE='#'
am__fastdepCXX_TRUE=''
am__include='include'
am__isrc=''
am__leading_dot='.'
am__quote=''
am__tar='${AMTAR} chof - "$$tardir"'
am__untar='${AMTAR} xf -'
ax_pthread_config=''
bindir='${exec_prefix}/bin'
build='x86_64-unknown-linux-gnu'
build_alias=''
build_cpu='x86_64'
build_os='linux-gnu'
build_vendor='unknown'
datadir='${datarootdir}'
datarootdir='${prefix}/share'
docdir='${datarootdir}/doc/${PACKAGE_TARNAME}'
dvidir='${docdir}'
enable_cpp='yes'
enable_pcre16='no'
enable_pcre32='no'
enable_pcre8='yes'
exec_prefix='${prefix}'
host='x86_64-unknown-linux-gnu'
host_alias=''
host_cpu='x86_64'
host_os='linux-gnu'
host_vendor='unknown'
htmldir='${docdir}/html'
includedir='${prefix}/include'
infodir='${datarootdir}/info'
install_sh='${SHELL} /home/zork/mcs/3rd/pcre-8.32/install-sh'
libdir='${exec_prefix}/lib'
libexecdir='${exec_prefix}/libexec'
localedir='${datarootdir}/locale'
localstatedir='${prefix}/var'
mandir='${datarootdir}/man'
mkdir_p='/bin/mkdir -p'
oldincludedir='/usr/include'
pcre_have_bits_type_traits='0'
pcre_have_long_long='1'
pcre_have_type_traits='0'
pcre_have_ulong_long='1'
pdfdir='${docdir}'
prefix='/usr/local'
program_transform_name='s,x,x,'
psdir='${docdir}'
sbindir='${exec_prefix}/sbin'
sharedstatedir='${prefix}/com'
sysconfdir='${prefix}/etc'
target_alias=''

## ----------- ##
## confdefs.h. ##
## ----------- ##

#define PACKAGE_NAME "PCRE"
#define PACKAGE_TARNAME "pcre"
#define PACKAGE_VERSION "8.32"
#define PACKAGE_STRING "PCRE 8.32"
#define PACKAGE_BUGREPORT ""
#define PACKAGE "pcre"
#define VERSION "8.32"
#define STDC_HEADERS 1
#define HAVE_SYS_TYPES_H 1
#define HAVE_SYS_STAT_H 1
#define HAVE_STDLIB_H 1
#define HAVE_STRING_H 1
#define HAVE_MEMORY_H 1
#define HAVE_STRINGS_H 1
#define HAVE_INTTYPES_H 1
#define HAVE_STDINT_H 1
#define HAVE_UNISTD_H 1
#define HAVE_DLFCN_H 1
#define LT_OBJDIR ".libs/"
#define PCRE_EXP_DECL extern __attribute__ ((visibility ("default")))
#define PCRE_EXP_DEFN __attribute__ ((visibility ("default")))
#define PCRE_EXP_DATA_DEFN __attribute__ ((visibility ("default")))
#define PCREPOSIX_EXP_DECL extern __attribute__ ((visibility ("default")))
#define PCREPOSIX_EXP_DEFN extern __attribute__ ((visibility ("default")))
#define PCRECPP_EXP_DECL extern __attribute__ ((visibility ("default")))
#define PCRECPP_EXP_DEFN __attribute__ ((visibility ("default")))
#define HAVE_VISIBILITY 1
#define STDC_HEADERS 1
#define HAVE_LIMITS_H 1
#define HAVE_SYS_TYPES_H 1
#define HAVE_SYS_STAT_H 1
#define HAVE_DIRENT_H 1
#define HAVE_STRING 1
#define HAVE_STRTOQ 1
#define HAVE_LONG_LONG 1
#define HAVE_UNSIGNED_LONG_LONG 1
#define HAVE_BCOPY 1
#define HAVE_MEMMOVE 1
#define HAVE_STRERROR 1
#define HAVE_ZLIB_H 1
#define HAVE_BZLIB_H 1
#define SUPPORT_PCRE8 /**/
#define PCREGREP_BUFSIZE 20480
#define NEWLINE 10
#define LINK_SIZE 2
#define POSIX_MALLOC_THRESHOLD 10
#define MATCH_LIMIT 10000000
#define MATCH_LIMIT_RECURSION MATCH_LIMIT
#define MAX_NAME_SIZE 32
#define MAX_NAME_COUNT 10000

configure: exit 0

## ---------------------- ##
## Running config.status. ##
## ---------------------- ##

This file was extended by PCRE config.status 8.32, which was
generated by GNU Autoconf 2.63.  Invocation command line was

  CONFIG_FILES    = 
  CONFIG_HEADERS  = 
  CONFIG_LINKS    = 
  CONFIG_COMMANDS = 
  $ ./config.status 

on localhost.localdomain

config.status:1165: creating Makefile
config.status:1165: creating libpcre.pc
config.status:1165: creating libpcre16.pc
config.status:1165: creating libpcre32.pc
config.status:1165: creating libpcreposix.pc
config.status:1165: creating libpcrecpp.pc
config.status:1165: creating pcre-config
config.status:1165: creating pcre.h
config.status:1165: creating pcre_stringpiece.h
config.status:1165: creating pcrecpparg.h
config.status:1165: creating config.h
config.status:1387: config.h is unchanged
config.status:1439: executing depfiles commands
config.status:1439: executing libtool commands
config.status:1439: executing script-chmod commands
config.status:1439: executing delete-old-chartables commands
